[12:43:38] [ServerMain/INFO]: [bootstrap] Running Java 21 (OpenJDK 64-Bit Server VM 21.0.10+7-Ubuntu-124.04; Ubuntu null) on Linux 6.8.0-101-generic (amd64)
[12:43:38] [ServerMain/INFO]: [bootstrap] Loading Paper 1.21.11-126-main@3f5728e (2026-02-28T11:49:07Z) for Minecraft 1.21.11
[12:43:40] [ServerMain/INFO]: [PluginInitializerManager] Initializing plugins...
[12:43:41] [ServerMain/INFO]: [PluginInitializerManager] Initialized 2 plugins
[12:43:41] [ServerMain/INFO]: [PluginInitializerManager] Bukkit plugins (2):
 - SkyWarsPlugin (2.0.0), plugin1 (1.0.0)
[12:43:50] [ServerMain/INFO]: Environment: Environment[sessionHost=https://sessionserver.mojang.com, servicesHost=https://api.minecraftservices.com, profilesHost=https://api.mojang.com, name=PROD]
[12:43:54] [ServerMain/INFO]: Loaded 1470 recipes
[12:43:54] [ServerMain/INFO]: Loaded 1584 advancements
[12:43:54] [ServerMain/INFO]: [ca.spottedleaf.dataconverter.minecraft.datatypes.MCTypeRegistry] Initialising converters for DataConverter...
[12:43:54] [ServerMain/INFO]: [ca.spottedleaf.dataconverter.minecraft.datatypes.MCTypeRegistry] Finished initialising converters for DataConverter in 491.3ms
[12:43:54] [Server thread/INFO]: Starting minecraft server version 1.21.11
[12:43:54] [Server thread/WARN]: ****************************
[12:43:54] [Server thread/WARN]: YOU ARE RUNNING THIS SERVER AS AN ADMINISTRATIVE OR ROOT USER. THIS IS NOT ADVISED.
[12:43:54] [Server thread/WARN]: YOU ARE OPENING YOURSELF UP TO POTENTIAL RISKS WHEN DOING THIS.
[12:43:54] [Server thread/WARN]: FOR MORE INFORMATION, SEE https://madelinemiller.dev/blog/root-minecraft-server/
[12:43:54] [Server thread/WARN]: ****************************
[12:43:54] [Server thread/INFO]: Loading properties
[12:43:54] [Server thread/INFO]: This server is running Paper version 1.21.11-126-main@3f5728e (2026-02-28T11:49:07Z) (Implementing API version 1.21.11-R0.1-SNAPSHOT)
[12:43:55] [Server thread/INFO]: [spark] This server bundles the spark profiler. For more information please visit https://docs.papermc.io/paper/profiling
[12:43:55] [Server thread/INFO]: Server Ping Player Sample Count: 12
[12:43:55] [Server thread/INFO]: Using 4 threads for Netty based IO
[12:43:56] [Server thread/INFO]: [MoonriseCommon] Paper is using 1 worker threads, 1 I/O threads
[12:43:57] [Server thread/INFO]: Default game type: SURVIVAL
[12:43:57] [Server thread/INFO]: Generating keypair
[12:43:57] [Server thread/INFO]: Starting Minecraft server on *:25565
[12:43:57] [Server thread/INFO]: Paper: Using libdeflate (Linux x86_64) compression from Velocity.
[12:43:57] [Server thread/INFO]: Paper: Using OpenSSL 3.x.x (Linux x86_64) cipher from Velocity.
[12:43:57] [Server thread/WARN]: [org.bukkit.craftbukkit.legacy.CraftLegacy] Initializing Legacy Material Support. Unless you have legacy plugins and/or data this is a bug!
[12:44:18] [Server thread/WARN]: Legacy plugin plugin1 v1.0.0 does not specify an api-version.
[12:44:18] [Server thread/INFO]: [SkyWarsPlugin] Loading server plugin SkyWarsPlugin v2.0.0
[12:44:18] [Server thread/INFO]: [plugin1] Loading server plugin plugin1 v1.0.0
[12:44:18] [Server thread/INFO]: Server permissions file permissions.yml is empty, ignoring it
[12:44:18] [Server thread/WARN]: **** SERVER IS RUNNING IN OFFLINE/INSECURE MODE!
[12:44:18] [Server thread/WARN]: The server will make no attempt to authenticate usernames. Beware.
[12:44:18] [Server thread/WARN]: While this makes the game possible to play without internet access, it also opens up the ability for hackers to connect with any username they choose.
[12:44:18] [Server thread/WARN]: To change this, set "online-mode" to "true" in the server.properties file.
[12:44:18] [Server thread/INFO]: Preparing level "world"
[12:44:18] [Server thread/INFO]: [ca.spottedleaf.moonrise.common.util.MoonriseConstants] NUMA enable flag is not set; however there is NUMA interaction support for this OS.
[12:44:18] [Server thread/INFO]: [ca.spottedleaf.moonrise.common.util.MoonriseConstants] Detected 1 NUMA nodes.
[12:44:19] [Server thread/INFO]: Loading 0 persistent chunks for world 'minecraft:overworld'...
[12:44:19] [Server thread/INFO]: Preparing spawn area: 100%
[12:44:19] [Server thread/INFO]: Prepared spawn area in 1 ms
[12:44:19] [Server thread/INFO]: Loading 0 persistent chunks for world 'minecraft:the_nether'...
[12:44:19] [Server thread/INFO]: Preparing spawn area: 100%
[12:44:19] [Server thread/INFO]: Prepared spawn area in 1 ms
[12:44:19] [Server thread/INFO]: Loading 0 persistent chunks for world 'minecraft:the_end'...
[12:44:19] [Server thread/INFO]: Prepared spawn area in 2 ms
[12:44:19] [Server thread/INFO]: Done preparing level "world" (0.949s)
[12:44:19] [Server thread/INFO]: [SkyWarsPlugin] Enabling SkyWarsPlugin v2.0.0
[12:44:19] [Server thread/INFO]: [SkyWarsPlugin] ------------------------------
[12:44:19] [Server thread/INFO]: [SkyWarsPlugin]   SkyWars Plugin v2.0 ON
[12:44:19] [Server thread/INFO]: [SkyWarsPlugin]   Backend: https://api.servicelmbarcelona.es
[12:44:19] [Server thread/INFO]: [SkyWarsPlugin] ------------------------------
[12:44:19] [Server thread/INFO]: [plugin1] Enabling plugin1 v1.0.0*
[12:44:19] [Server thread/INFO]: -----Plugin encendido-----
[12:44:19] [Server thread/INFO]: [spark] Starting background profiler...
[12:44:20] [Server thread/INFO]: Starting remote control listener
[12:44:20] [Server thread/INFO]: Thread RCON Listener started
[12:44:20] [Server thread/INFO]: RCON running on 0.0.0.0:25575
[12:44:20] [Server thread/INFO]: Running delayed init tasks
[12:44:20] [Server thread/INFO]: Done (43.364s)! For help, type "help"
[12:44:20] [Paper Async Task Handler Thread - 1/INFO]: *** Currently you are 1 build(s) behind ***
[12:44:20] [Paper Async Task Handler Thread - 1/INFO]: *** It is highly recommended to download the latest build from https://papermc.io/downloads/paper ***
[12:47:39] [User Authenticator #0/INFO]: UUID of player Franzpaolo26 is 7d7c9f47-33bd-34eb-a4dc-6e1f27bcfb29
[12:47:43] [Server thread/INFO]: [SkyWars] Franzpaolo26 se ha unido.
[12:47:43] [Server thread/INFO]: Franzpaolo26[IP hidden] logged in with entity id 69 at ([world]-18.37954596547493, 85.0, -53.67096193062293)
[12:49:38] [Server thread/INFO]: Franzpaolo26 issued server command: /sw start
[12:49:43] [Server thread/INFO]: Franzpaolo26 lost connection: Disconnected
[12:49:43] [Server thread/INFO]: [SkyWars] Franzpaolo26 ha salido.
